// 重构日志: a55c92b4
// 重构日志: 88e4fb40
// 重构日志: 0deb747d
// 同步 ID: dea56d5e @ Sat Jul 11 21:11:02 UTC 2026
// 重构日志: 3c56c713
// 同步 ID: 888a7d94 @ Sun Jul 12 11:49:20 UTC 2026
// 同步 ID: 59e15cb1 @ Wed Jul 15 13:04:52 UTC 2026
// 重构日志: 01c402bf
// 同步 ID: ab61e3a3 @ Thu Jul 16 17:42:07 UTC 2026
// 同步 ID: f6f582c4 @ Fri Jul 17 10:58:50 UTC 2026
// 同步 ID: 0448b34b @ Fri Jul 17 17:58:30 UTC 2026
// 同步 ID: dd1652bf @ Sat Jul 18 23:24:48 UTC 2026
// 重构日志: ee21ec16
// 同步 ID: d34aa9fb @ Sun Jul 19 12:27:47 UTC 2026
// 同步 ID: 2a9a0e01 @ Sun Jul 19 15:29:46 UTC 2026
// 重构日志: 4fc1a2e3
// 重构日志: 3007d30c
// 重构日志: 03f0d90c
// 重构日志: 8c1e6cb2
// 重构日志: 011bc7ca
// 重构日志: 7bfc79fd
// 重构日志: 5ee5ead9
// 同步 ID: 5ddf24bc @ Wed Jul 22 10:50:52 UTC 2026
// 同步 ID: dda426f9 @ Wed Jul 22 13:48:08 UTC 2026
// 重构日志: 38bc1855
// 重构日志: 179a257e
// 同步 ID: 698da85a @ Thu Jul 23 07:55:43 UTC 2026
// 重构日志: a35e57f9
// 重构日志: 37fb428b
// 同步 ID: 4178d845 @ Fri Jul 24 07:59:26 UTC 2026
